2017-01-27 15:37:03,812 INFO Delete request received from: 10.0.0.230:8080
2017-01-27 15:37:03,812 INFO 
2017-01-27 15:37:03,812 INFO Start synching devices..
2017-01-27 15:37:03,813 INFO Synching elab9075.elab.tata
2017-01-27 15:37:10,046 INFO Synching elab9085.elab.tata
2017-01-27 15:37:14,452 INFO Successfully completed device synchronization..
2017-01-27 15:38:19,829 INFO Delete request received from: 10.0.0.230:8080
2017-01-27 15:38:19,829 INFO 
2017-01-27 15:38:19,829 INFO Start synching devices..
2017-01-27 15:38:19,830 INFO Synching elab9075.elab.tata
2017-01-27 15:38:26,050 INFO Synching elab9085.elab.tata
2017-01-27 15:38:30,456 INFO Successfully completed device synchronization..
2017-01-27 15:39:20,843 INFO Get Service request received from: 10.0.0.230:8080
2017-01-27 15:39:20,844 INFO 
2017-01-27 15:39:27,177 INFO Delete request received from: 10.0.0.230:8080
2017-01-27 15:39:27,177 INFO 
2017-01-27 15:39:27,177 INFO Start synching devices..
2017-01-27 15:39:27,178 INFO Synching elab9075.elab.tata
2017-01-27 15:39:33,286 INFO Synching elab9085.elab.tata
2017-01-27 15:39:37,642 INFO Successfully completed device synchronization..
2017-01-27 15:42:50,431 INFO Delete request received from: 10.0.0.230:8080
2017-01-27 15:42:50,431 INFO 
2017-01-27 15:42:50,431 INFO Start synching devices..
2017-01-27 15:42:50,432 INFO Synching elab9075.elab.tata
2017-01-27 15:42:56,553 INFO Synching elab9085.elab.tata
2017-01-27 15:43:00,927 INFO Successfully completed device synchronization..
2017-01-27 15:53:34,428 INFO Delete request received from: 10.0.0.230:8080
2017-01-27 15:53:34,429 INFO 
2017-01-27 15:53:34,429 INFO Start synching devices..
2017-01-27 15:53:34,430 INFO Synching elab9075.elab.tata
2017-01-27 15:53:40,617 INFO Synching elab9085.elab.tata
2017-01-27 15:53:44,997 INFO Successfully completed device synchronization..
2017-01-27 15:53:53,804 INFO Delete request received from: 10.0.0.230:8080
2017-01-27 15:53:53,805 INFO 
2017-01-27 15:53:53,805 INFO Start synching devices..
2017-01-27 15:53:53,805 INFO Synching elab9075.elab.tata
2017-01-27 15:53:56,600 INFO Synching elab9085.elab.tata
2017-01-27 15:53:59,292 INFO Successfully completed device synchronization..
2017-01-27 15:54:12,819 INFO Create request received from: 10.0.0.230:8080
2017-01-27 15:54:12,819 INFO Content length.....493
2017-01-27 15:54:12,819 INFO WSGI input read.......<forwarding_construct>
    <id>EBD4051</id>
    <ovc_end_point>
        <end_point_id>TATA.DCI.P1</end_point_id>
        <ingress_bw_cfg_cir>100</ingress_bw_cfg_cir>
        <end_point_vlan_map_ce_vlan>4051</end_point_vlan_map_ce_vlan>
    </ovc_end_point>
    <ovc_end_point>
        <end_point_id>TATA.DCI.P2</end_point_id>
        <ingress_bw_cfg_cir>100</ingress_bw_cfg_cir>
        <end_point_vlan_map_ce_vlan>4051</end_point_vlan_map_ce_vlan>
    </ovc_end_point>
</forwarding_construct>
2017-01-27 15:54:12,820 INFO Request content type application/xml
2017-01-27 15:54:12,820 INFO Request content length 493
2017-01-27 15:54:12,820 INFO Start synching devices..
2017-01-27 15:54:12,820 INFO Synching elab9075.elab.tata
2017-01-27 15:54:15,619 INFO Synching elab9085.elab.tata
2017-01-27 15:54:18,255 INFO Successfully completed device synchronization..
2017-01-27 15:54:39,264 INFO Delete request received from: 10.0.0.230:8080
2017-01-27 15:54:39,264 INFO 
2017-01-27 15:54:39,264 INFO Start synching devices..
2017-01-27 15:54:39,265 INFO Synching elab9075.elab.tata
2017-01-27 15:54:42,154 INFO Synching elab9085.elab.tata
2017-01-27 15:54:44,809 INFO Successfully completed device synchronization..
2017-01-27 17:06:51,217 INFO Get Service request received from: 10.0.0.230:8080
2017-01-27 17:06:51,218 INFO 
2017-01-27 17:06:59,162 INFO Create request received from: 10.0.0.230:8080
2017-01-27 17:06:59,162 INFO Content length.....493
2017-01-27 17:06:59,162 INFO WSGI input read.......<forwarding_construct>
    <id>EBD4051</id>
    <ovc_end_point>
        <end_point_id>TATA.DCI.P1</end_point_id>
        <ingress_bw_cfg_cir>100</ingress_bw_cfg_cir>
        <end_point_vlan_map_ce_vlan>4051</end_point_vlan_map_ce_vlan>
    </ovc_end_point>
    <ovc_end_point>
        <end_point_id>TATA.DCI.P2</end_point_id>
        <ingress_bw_cfg_cir>100</ingress_bw_cfg_cir>
        <end_point_vlan_map_ce_vlan>4051</end_point_vlan_map_ce_vlan>
    </ovc_end_point>
</forwarding_construct>
2017-01-27 17:06:59,162 INFO Request content type application/xml
2017-01-27 17:06:59,163 INFO Request content length 493
2017-01-27 17:06:59,163 INFO Start synching devices..
2017-01-27 17:06:59,163 INFO Synching elab9075.elab.tata
2017-01-27 17:07:05,254 INFO Synching elab9085.elab.tata
2017-01-27 17:07:09,625 INFO Successfully completed device synchronization..
2017-01-27 17:10:21,900 INFO Delete request received from: 10.0.0.230:8080
2017-01-27 17:10:21,900 INFO 
2017-01-27 17:10:21,900 INFO Start synching devices..
2017-01-27 17:10:21,901 INFO Synching elab9075.elab.tata
2017-01-27 17:10:28,081 INFO Synching elab9085.elab.tata
2017-01-27 17:10:32,463 INFO Successfully completed device synchronization..
2017-01-27 17:10:44,615 INFO Delete request received from: 10.0.0.230:8080
2017-01-27 17:10:44,616 INFO 
2017-01-27 17:10:44,616 INFO Start synching devices..
2017-01-27 17:10:44,617 INFO Synching elab9075.elab.tata
2017-01-27 17:10:47,406 INFO Synching elab9085.elab.tata
2017-01-27 17:10:50,089 INFO Successfully completed device synchronization..
2017-01-27 17:11:02,895 INFO Get Service request received from: 10.0.0.230:8080
2017-01-27 17:11:02,895 INFO 
2017-01-27 17:12:02,484 INFO Create request received from: 10.0.0.230:8080
2017-01-27 17:12:02,484 INFO Content length.....493
2017-01-27 17:12:02,484 INFO WSGI input read.......<forwarding_construct>
    <id>EBD4051</id>
    <ovc_end_point>
        <end_point_id>TATA.DCI.P1</end_point_id>
        <ingress_bw_cfg_cir>100</ingress_bw_cfg_cir>
        <end_point_vlan_map_ce_vlan>4051</end_point_vlan_map_ce_vlan>
    </ovc_end_point>
    <ovc_end_point>
        <end_point_id>TATA.DCI.P2</end_point_id>
        <ingress_bw_cfg_cir>100</ingress_bw_cfg_cir>
        <end_point_vlan_map_ce_vlan>4051</end_point_vlan_map_ce_vlan>
    </ovc_end_point>
</forwarding_construct>
2017-01-27 17:12:02,485 INFO Request content type application/xml
2017-01-27 17:12:02,485 INFO Request content length 493
2017-01-27 17:12:02,485 INFO Start synching devices..
2017-01-27 17:12:02,485 INFO Synching elab9075.elab.tata
2017-01-27 17:12:08,650 INFO Synching elab9085.elab.tata
2017-01-27 17:12:12,958 INFO Successfully completed device synchronization..
2017-01-27 17:15:38,415 INFO Get Service request received from: 10.0.0.230:8080
2017-01-27 17:15:38,415 INFO 
2017-01-27 17:15:42,223 INFO Delete request received from: 10.0.0.230:8080
2017-01-27 17:15:42,223 INFO 
2017-01-27 17:15:42,224 INFO Start synching devices..
2017-01-27 17:15:42,224 INFO Synching elab9075.elab.tata
2017-01-27 17:15:48,445 INFO Synching elab9085.elab.tata
2017-01-27 17:15:52,848 INFO Successfully completed device synchronization..
2017-01-27 17:16:10,147 INFO Create request received from: 10.0.0.230:8080
2017-01-27 17:16:10,148 INFO Content length.....493
2017-01-27 17:16:10,148 INFO WSGI input read.......<forwarding_construct>
    <id>EBD4051</id>
    <ovc_end_point>
        <end_point_id>TATA.DCI.P1</end_point_id>
        <ingress_bw_cfg_cir>100</ingress_bw_cfg_cir>
        <end_point_vlan_map_ce_vlan>4051</end_point_vlan_map_ce_vlan>
    </ovc_end_point>
    <ovc_end_point>
        <end_point_id>TATA.DCI.P2</end_point_id>
        <ingress_bw_cfg_cir>100</ingress_bw_cfg_cir>
        <end_point_vlan_map_ce_vlan>4051</end_point_vlan_map_ce_vlan>
    </ovc_end_point>
</forwarding_construct>
2017-01-27 17:16:10,148 INFO Request content type application/xml
2017-01-27 17:16:10,148 INFO Request content length 493
2017-01-27 17:16:10,148 INFO Start synching devices..
2017-01-27 17:16:10,148 INFO Synching elab9075.elab.tata
2017-01-27 17:16:13,005 INFO Synching elab9085.elab.tata
2017-01-27 17:16:15,571 INFO Successfully completed device synchronization..
2017-01-27 17:17:03,289 INFO Create request received from: 10.0.0.230:8080
2017-01-27 17:17:03,289 INFO Content length.....491
2017-01-27 17:17:03,289 INFO WSGI input read.......<forwarding_construct>
    <id>EBD4051</id>
    <ovc_end_point>
        <end_point_id>TATA.DCI.P1</end_point_id>
        <ingress_bw_cfg_cir>10</ingress_bw_cfg_cir>
        <end_point_vlan_map_ce_vlan>4051</end_point_vlan_map_ce_vlan>
    </ovc_end_point>
    <ovc_end_point>
        <end_point_id>TATA.DCI.P2</end_point_id>
        <ingress_bw_cfg_cir>10</ingress_bw_cfg_cir>
        <end_point_vlan_map_ce_vlan>4051</end_point_vlan_map_ce_vlan>
    </ovc_end_point>
</forwarding_construct>
2017-01-27 17:17:03,289 INFO Request content type application/xml
2017-01-27 17:17:03,289 INFO Request content length 491
2017-01-27 17:17:03,289 INFO Start synching devices..
2017-01-27 17:17:03,290 INFO Synching elab9075.elab.tata
2017-01-27 17:17:06,096 INFO Synching elab9085.elab.tata
2017-01-27 17:17:08,932 INFO Successfully completed device synchronization..
2017-01-27 17:17:29,415 INFO Get Service request received from: 10.0.0.230:8080
2017-01-27 17:17:29,415 INFO 
2017-01-27 17:26:08,696 INFO Create request received from: 10.0.0.230:8080
2017-01-27 17:26:08,696 INFO Content length.....491
2017-01-27 17:26:08,697 INFO WSGI input read.......<forwarding_construct>
    <id>EBD4051</id>
    <ovc_end_point>
        <end_point_id>TATA.DCI.P1</end_point_id>
        <ingress_bw_cfg_cir>10</ingress_bw_cfg_cir>
        <end_point_vlan_map_ce_vlan>4051</end_point_vlan_map_ce_vlan>
    </ovc_end_point>
    <ovc_end_point>
        <end_point_id>TATA.DCI.P2</end_point_id>
        <ingress_bw_cfg_cir>10</ingress_bw_cfg_cir>
        <end_point_vlan_map_ce_vlan>4051</end_point_vlan_map_ce_vlan>
    </ovc_end_point>
</forwarding_construct>
2017-01-27 17:26:08,697 INFO Request content type application/xml
2017-01-27 17:26:08,697 INFO Request content length 491
2017-01-27 17:26:08,697 INFO Start synching devices..
2017-01-27 17:26:08,697 INFO Synching elab9075.elab.tata
2017-01-27 17:26:14,913 INFO Synching elab9085.elab.tata
2017-01-27 17:26:19,301 INFO Successfully completed device synchronization..
2017-01-27 17:27:55,508 INFO Create request received from: 10.0.0.230:8080
2017-01-27 17:27:55,508 INFO Content length.....491
2017-01-27 17:27:55,508 INFO WSGI input read.......<forwarding_construct>
    <id>EBD4051</id>
    <ovc_end_point>
        <end_point_id>TATA.DCI.P1</end_point_id>
        <ingress_bw_cfg_cir>10</ingress_bw_cfg_cir>
        <end_point_vlan_map_ce_vlan>4051</end_point_vlan_map_ce_vlan>
    </ovc_end_point>
    <ovc_end_point>
        <end_point_id>TATA.DCI.P2</end_point_id>
        <ingress_bw_cfg_cir>10</ingress_bw_cfg_cir>
        <end_point_vlan_map_ce_vlan>4051</end_point_vlan_map_ce_vlan>
    </ovc_end_point>
</forwarding_construct>
2017-01-27 17:27:55,508 INFO Request content type application/xml
2017-01-27 17:27:55,508 INFO Request content length 491
2017-01-27 17:27:55,508 INFO Start synching devices..
2017-01-27 17:27:55,509 INFO Synching elab9075.elab.tata
2017-01-27 17:28:01,680 INFO Synching elab9085.elab.tata
2017-01-27 17:28:06,053 INFO Successfully completed device synchronization..
2017-01-27 17:31:09,550 INFO Create request received from: 10.0.0.230:8080
2017-01-27 17:31:09,550 INFO Content length.....491
2017-01-27 17:31:09,550 INFO WSGI input read.......<forwarding_construct>
    <id>EBD4051</id>
    <ovc_end_point>
        <end_point_id>TATA.DCI.P1</end_point_id>
        <ingress_bw_cfg_cir>10</ingress_bw_cfg_cir>
        <end_point_vlan_map_ce_vlan>4051</end_point_vlan_map_ce_vlan>
    </ovc_end_point>
    <ovc_end_point>
        <end_point_id>TATA.DCI.P2</end_point_id>
        <ingress_bw_cfg_cir>10</ingress_bw_cfg_cir>
        <end_point_vlan_map_ce_vlan>4051</end_point_vlan_map_ce_vlan>
    </ovc_end_point>
</forwarding_construct>
2017-01-27 17:31:09,550 INFO Request content type application/xml
2017-01-27 17:31:09,550 INFO Request content length 491
2017-01-27 17:31:09,550 INFO Start synching devices..
2017-01-27 17:31:09,551 INFO Synching elab9075.elab.tata
2017-01-27 17:31:15,691 INFO Synching elab9085.elab.tata
2017-01-27 17:31:20,090 INFO Successfully completed device synchronization..
2017-01-27 17:34:03,298 INFO Create request received from: 10.0.0.230:8080
2017-01-27 17:34:03,298 INFO Content length.....491
2017-01-27 17:34:03,298 INFO WSGI input read.......<forwarding_construct>
    <id>EBD4051</id>
    <ovc_end_point>
        <end_point_id>TATA.DCI.P1</end_point_id>
        <ingress_bw_cfg_cir>10</ingress_bw_cfg_cir>
        <end_point_vlan_map_ce_vlan>4051</end_point_vlan_map_ce_vlan>
    </ovc_end_point>
    <ovc_end_point>
        <end_point_id>TATA.DCI.P2</end_point_id>
        <ingress_bw_cfg_cir>10</ingress_bw_cfg_cir>
        <end_point_vlan_map_ce_vlan>4051</end_point_vlan_map_ce_vlan>
    </ovc_end_point>
</forwarding_construct>
2017-01-27 17:34:03,299 INFO Request content type application/xml
2017-01-27 17:34:03,299 INFO Request content length 491
2017-01-27 17:34:03,299 INFO Start synching devices..
2017-01-27 17:34:03,299 INFO Synching elab9075.elab.tata
2017-01-27 17:34:09,442 INFO Synching elab9085.elab.tata
2017-01-27 17:34:13,856 INFO Successfully completed device synchronization..
2017-01-27 17:34:56,715 INFO Create request received from: 10.0.0.230:8080
2017-01-27 17:34:56,715 INFO Content length.....491
2017-01-27 17:34:56,715 INFO WSGI input read.......<forwarding_construct>
    <id>EBD4051</id>
    <ovc_end_point>
        <end_point_id>TATA.DCI.P1</end_point_id>
        <ingress_bw_cfg_cir>10</ingress_bw_cfg_cir>
        <end_point_vlan_map_ce_vlan>4051</end_point_vlan_map_ce_vlan>
    </ovc_end_point>
    <ovc_end_point>
        <end_point_id>TATA.DCI.P2</end_point_id>
        <ingress_bw_cfg_cir>10</ingress_bw_cfg_cir>
        <end_point_vlan_map_ce_vlan>4051</end_point_vlan_map_ce_vlan>
    </ovc_end_point>
</forwarding_construct>
2017-01-27 17:34:56,716 INFO Request content type application/xml
2017-01-27 17:34:56,716 INFO Request content length 491
2017-01-27 17:34:56,716 INFO Start synching devices..
2017-01-27 17:34:56,716 INFO Synching elab9075.elab.tata
2017-01-27 17:35:02,925 INFO Synching elab9085.elab.tata
2017-01-27 17:35:07,324 INFO Successfully completed device synchronization..
2017-01-27 17:35:56,860 INFO Create request received from: 10.0.0.230:8080
2017-01-27 17:35:56,860 INFO Content length.....491
2017-01-27 17:35:56,860 INFO WSGI input read.......<forwarding_construct>
    <id>EBD4051</id>
    <ovc_end_point>
        <end_point_id>TATA.DCI.P1</end_point_id>
        <ingress_bw_cfg_cir>10</ingress_bw_cfg_cir>
        <end_point_vlan_map_ce_vlan>4051</end_point_vlan_map_ce_vlan>
    </ovc_end_point>
    <ovc_end_point>
        <end_point_id>TATA.DCI.P2</end_point_id>
        <ingress_bw_cfg_cir>10</ingress_bw_cfg_cir>
        <end_point_vlan_map_ce_vlan>4051</end_point_vlan_map_ce_vlan>
    </ovc_end_point>
</forwarding_construct>
2017-01-27 17:35:56,861 INFO Request content type application/xml
2017-01-27 17:35:56,861 INFO Request content length 491
2017-01-27 17:35:56,861 INFO Start synching devices..
2017-01-27 17:35:56,861 INFO Synching elab9075.elab.tata
2017-01-27 17:36:03,041 INFO Synching elab9085.elab.tata
2017-01-27 17:36:07,364 INFO Successfully completed device synchronization..
2017-01-27 17:37:20,643 INFO Create request received from: 10.0.0.230:8080
2017-01-27 17:37:20,644 INFO Content length.....491
2017-01-27 17:37:20,683 INFO WSGI input read.......<forwarding_construct>
    <id>EBD4051</id>
    <ovc_end_point>
        <end_point_id>TATA.DCI.P1</end_point_id>
        <ingress_bw_cfg_cir>10</ingress_bw_cfg_cir>
        <end_point_vlan_map_ce_vlan>4051</end_point_vlan_map_ce_vlan>
    </ovc_end_point>
    <ovc_end_point>
        <end_point_id>TATA.DCI.P2</end_point_id>
        <ingress_bw_cfg_cir>10</ingress_bw_cfg_cir>
        <end_point_vlan_map_ce_vlan>4051</end_point_vlan_map_ce_vlan>
    </ovc_end_point>
</forwarding_construct>
2017-01-27 17:37:20,684 INFO Request content type application/xml
2017-01-27 17:37:20,684 INFO Request content length 491
2017-01-27 17:37:20,684 INFO Start synching devices..
2017-01-27 17:37:20,684 INFO Synching elab9075.elab.tata
2017-01-27 17:37:26,910 INFO Synching elab9085.elab.tata
2017-01-27 17:37:31,247 INFO Successfully completed device synchronization..
2017-01-27 17:37:58,804 INFO Create request received from: 10.0.0.230:8080
2017-01-27 17:37:58,805 INFO Content length.....491
2017-01-27 17:37:58,805 INFO WSGI input read.......<forwarding_construct>
    <id>EBD4051</id>
    <ovc_end_point>
        <end_point_id>TATA.DCI.P1</end_point_id>
        <ingress_bw_cfg_cir>10</ingress_bw_cfg_cir>
        <end_point_vlan_map_ce_vlan>4051</end_point_vlan_map_ce_vlan>
    </ovc_end_point>
    <ovc_end_point>
        <end_point_id>TATA.DCI.P2</end_point_id>
        <ingress_bw_cfg_cir>10</ingress_bw_cfg_cir>
        <end_point_vlan_map_ce_vlan>4051</end_point_vlan_map_ce_vlan>
    </ovc_end_point>
</forwarding_construct>
2017-01-27 17:37:58,805 INFO Request content type application/xml
2017-01-27 17:37:58,805 INFO Request content length 491
2017-01-27 17:37:58,805 INFO Start synching devices..
2017-01-27 17:37:58,806 INFO Synching elab9075.elab.tata
2017-01-27 17:38:04,952 INFO Synching elab9085.elab.tata
2017-01-27 17:38:07,623 INFO Successfully completed device synchronization..
2017-01-27 17:38:33,962 INFO Create request received from: 10.0.0.230:8080
2017-01-27 17:38:33,963 INFO Content length.....491
2017-01-27 17:38:33,963 INFO WSGI input read.......<forwarding_construct>
    <id>EBD4051</id>
    <ovc_end_point>
        <end_point_id>TATA.DCI.P1</end_point_id>
        <ingress_bw_cfg_cir>10</ingress_bw_cfg_cir>
        <end_point_vlan_map_ce_vlan>4051</end_point_vlan_map_ce_vlan>
    </ovc_end_point>
    <ovc_end_point>
        <end_point_id>TATA.DCI.P2</end_point_id>
        <ingress_bw_cfg_cir>10</ingress_bw_cfg_cir>
        <end_point_vlan_map_ce_vlan>4051</end_point_vlan_map_ce_vlan>
    </ovc_end_point>
</forwarding_construct>
2017-01-27 17:38:33,963 INFO Request content type application/xml
2017-01-27 17:38:33,963 INFO Request content length 491
2017-01-27 17:38:33,963 INFO Start synching devices..
2017-01-27 17:38:33,964 INFO Synching elab9075.elab.tata
2017-01-27 17:38:36,737 INFO Synching elab9085.elab.tata
2017-01-27 17:38:39,370 INFO Successfully completed device synchronization..
2017-01-27 17:41:17,139 INFO Create request received from: 10.0.0.230:8080
2017-01-27 17:41:17,139 INFO Content length.....493
2017-01-27 17:41:17,139 INFO WSGI input read.......<forwarding_construct>
    <id>EBD4051</id>
    <ovc_end_point>
        <end_point_id>TATA.DCI.P1</end_point_id>
        <ingress_bw_cfg_cir>100</ingress_bw_cfg_cir>
        <end_point_vlan_map_ce_vlan>4051</end_point_vlan_map_ce_vlan>
    </ovc_end_point>
    <ovc_end_point>
        <end_point_id>TATA.DCI.P2</end_point_id>
        <ingress_bw_cfg_cir>100</ingress_bw_cfg_cir>
        <end_point_vlan_map_ce_vlan>4051</end_point_vlan_map_ce_vlan>
    </ovc_end_point>
</forwarding_construct>
2017-01-27 17:41:17,139 INFO Request content type application/xml
2017-01-27 17:41:17,139 INFO Request content length 493
2017-01-27 17:41:17,139 INFO Start synching devices..
2017-01-27 17:41:17,140 INFO Synching elab9075.elab.tata
2017-01-27 17:41:23,357 INFO Synching elab9085.elab.tata
2017-01-27 17:41:27,747 INFO Successfully completed device synchronization..
2017-01-27 17:41:57,605 INFO Get Service request received from: 10.0.0.230:8080
2017-01-27 17:41:57,606 INFO 
2017-01-27 17:42:55,336 INFO Create request received from: 10.0.0.230:8080
2017-01-27 17:42:55,337 INFO Content length.....493
2017-01-27 17:42:55,337 INFO WSGI input read.......<forwarding_construct>
    <id>EBD4050</id>
    <ovc_end_point>
        <end_point_id>TATA.DCI.P1</end_point_id>
        <ingress_bw_cfg_cir>100</ingress_bw_cfg_cir>
        <end_point_vlan_map_ce_vlan>4050</end_point_vlan_map_ce_vlan>
    </ovc_end_point>
    <ovc_end_point>
        <end_point_id>TATA.DCI.P2</end_point_id>
        <ingress_bw_cfg_cir>100</ingress_bw_cfg_cir>
        <end_point_vlan_map_ce_vlan>4050</end_point_vlan_map_ce_vlan>
    </ovc_end_point>
</forwarding_construct>
2017-01-27 17:42:55,337 INFO Request content type application/xml
2017-01-27 17:42:55,337 INFO Request content length 493
2017-01-27 17:42:55,337 INFO Start synching devices..
2017-01-27 17:42:55,338 INFO Synching elab9075.elab.tata
2017-01-27 17:43:01,488 INFO Synching elab9085.elab.tata
2017-01-27 17:43:05,893 INFO Successfully completed device synchronization..
2017-01-27 17:46:34,336 INFO Create request received from: 10.0.0.230:8080
2017-01-27 17:46:34,337 INFO Content length.....491
2017-01-27 17:46:34,337 INFO WSGI input read.......<forwarding_construct>
    <id>EBD4050</id>
    <ovc_end_point>
        <end_point_id>TATA.DCI.P1</end_point_id>
        <ingress_bw_cfg_cir>10</ingress_bw_cfg_cir>
        <end_point_vlan_map_ce_vlan>4050</end_point_vlan_map_ce_vlan>
    </ovc_end_point>
    <ovc_end_point>
        <end_point_id>TATA.DCI.P2</end_point_id>
        <ingress_bw_cfg_cir>10</ingress_bw_cfg_cir>
        <end_point_vlan_map_ce_vlan>4050</end_point_vlan_map_ce_vlan>
    </ovc_end_point>
</forwarding_construct>
2017-01-27 17:46:34,338 INFO Request content type application/xml
2017-01-27 17:46:34,338 INFO Request content length 491
2017-01-27 17:46:34,338 INFO Start synching devices..
2017-01-27 17:46:34,339 INFO Synching elab9075.elab.tata
2017-01-27 17:46:40,670 INFO Synching elab9085.elab.tata
2017-01-27 17:46:45,082 INFO Successfully completed device synchronization..
2017-01-27 17:48:27,597 INFO Create request received from: 10.0.0.230:8080
2017-01-27 17:48:27,597 INFO Content length.....493
2017-01-27 17:48:27,597 INFO WSGI input read.......<forwarding_construct>
    <id>EBD4050</id>
    <ovc_end_point>
        <end_point_id>TATA.DCI.P1</end_point_id>
        <ingress_bw_cfg_cir>100</ingress_bw_cfg_cir>
        <end_point_vlan_map_ce_vlan>4050</end_point_vlan_map_ce_vlan>
    </ovc_end_point>
    <ovc_end_point>
        <end_point_id>TATA.DCI.P2</end_point_id>
        <ingress_bw_cfg_cir>100</ingress_bw_cfg_cir>
        <end_point_vlan_map_ce_vlan>4050</end_point_vlan_map_ce_vlan>
    </ovc_end_point>
</forwarding_construct>
2017-01-27 17:48:27,597 INFO Request content type application/xml
2017-01-27 17:48:27,597 INFO Request content length 493
2017-01-27 17:48:27,598 INFO Start synching devices..
2017-01-27 17:48:27,598 INFO Synching elab9075.elab.tata
2017-01-27 17:48:33,941 INFO Synching elab9085.elab.tata
2017-01-27 17:48:38,445 INFO Successfully completed device synchronization..
2017-01-27 17:51:42,174 INFO Create request received from: 10.0.0.230:8080
2017-01-27 17:51:42,174 INFO Content length.....491
2017-01-27 17:51:42,174 INFO WSGI input read.......<forwarding_construct>
    <id>EBD4050</id>
    <ovc_end_point>
        <end_point_id>TATA.DCI.P1</end_point_id>
        <ingress_bw_cfg_cir>10</ingress_bw_cfg_cir>
        <end_point_vlan_map_ce_vlan>4050</end_point_vlan_map_ce_vlan>
    </ovc_end_point>
    <ovc_end_point>
        <end_point_id>TATA.DCI.P2</end_point_id>
        <ingress_bw_cfg_cir>10</ingress_bw_cfg_cir>
        <end_point_vlan_map_ce_vlan>4050</end_point_vlan_map_ce_vlan>
    </ovc_end_point>
</forwarding_construct>
2017-01-27 17:51:42,174 INFO Request content type application/xml
2017-01-27 17:51:42,175 INFO Request content length 491
2017-01-27 17:51:42,175 INFO Start synching devices..
2017-01-27 17:51:42,175 INFO Synching elab9075.elab.tata
2017-01-27 17:51:48,458 INFO Synching elab9085.elab.tata
2017-01-27 17:51:52,947 INFO Successfully completed device synchronization..
2017-01-27 17:52:36,689 INFO Create request received from: 10.0.0.230:8080
2017-01-27 17:52:36,689 INFO Content length.....493
2017-01-27 17:52:36,689 INFO WSGI input read.......<forwarding_construct>
    <id>EBD4050</id>
    <ovc_end_point>
        <end_point_id>TATA.DCI.P1</end_point_id>
        <ingress_bw_cfg_cir>100</ingress_bw_cfg_cir>
        <end_point_vlan_map_ce_vlan>4050</end_point_vlan_map_ce_vlan>
    </ovc_end_point>
    <ovc_end_point>
        <end_point_id>TATA.DCI.P2</end_point_id>
        <ingress_bw_cfg_cir>100</ingress_bw_cfg_cir>
        <end_point_vlan_map_ce_vlan>4050</end_point_vlan_map_ce_vlan>
    </ovc_end_point>
</forwarding_construct>
2017-01-27 17:52:36,689 INFO Request content type application/xml
2017-01-27 17:52:36,690 INFO Request content length 493
2017-01-27 17:52:36,690 INFO Start synching devices..
2017-01-27 17:52:36,690 INFO Synching elab9075.elab.tata
2017-01-27 17:52:39,616 INFO Synching elab9085.elab.tata
2017-01-27 17:52:44,087 INFO Successfully completed device synchronization..
2017-01-27 17:53:15,869 INFO Create request received from: 10.0.0.230:8080
2017-01-27 17:53:15,869 INFO Content length.....491
2017-01-27 17:53:15,869 INFO WSGI input read.......<forwarding_construct>
    <id>EBD4050</id>
    <ovc_end_point>
        <end_point_id>TATA.DCI.P1</end_point_id>
        <ingress_bw_cfg_cir>10</ingress_bw_cfg_cir>
        <end_point_vlan_map_ce_vlan>4050</end_point_vlan_map_ce_vlan>
    </ovc_end_point>
    <ovc_end_point>
        <end_point_id>TATA.DCI.P2</end_point_id>
        <ingress_bw_cfg_cir>10</ingress_bw_cfg_cir>
        <end_point_vlan_map_ce_vlan>4050</end_point_vlan_map_ce_vlan>
    </ovc_end_point>
</forwarding_construct>
2017-01-27 17:53:15,869 INFO Request content type application/xml
2017-01-27 17:53:15,869 INFO Request content length 491
2017-01-27 17:53:15,869 INFO Start synching devices..
2017-01-27 17:53:15,870 INFO Synching elab9075.elab.tata
2017-01-27 17:53:18,951 INFO Synching elab9085.elab.tata
2017-01-27 17:53:21,637 INFO Successfully completed device synchronization..
2017-01-27 17:53:53,400 INFO Create request received from: 10.0.0.230:8080
2017-01-27 17:53:53,401 INFO Content length.....493
2017-01-27 17:53:53,401 INFO WSGI input read.......<forwarding_construct>
    <id>EBD4050</id>
    <ovc_end_point>
        <end_point_id>TATA.DCI.P1</end_point_id>
        <ingress_bw_cfg_cir>100</ingress_bw_cfg_cir>
        <end_point_vlan_map_ce_vlan>4050</end_point_vlan_map_ce_vlan>
    </ovc_end_point>
    <ovc_end_point>
        <end_point_id>TATA.DCI.P2</end_point_id>
        <ingress_bw_cfg_cir>100</ingress_bw_cfg_cir>
        <end_point_vlan_map_ce_vlan>4050</end_point_vlan_map_ce_vlan>
    </ovc_end_point>
</forwarding_construct>
2017-01-27 17:53:53,401 INFO Request content type application/xml
2017-01-27 17:53:53,401 INFO Request content length 493
2017-01-27 17:53:53,401 INFO Start synching devices..
2017-01-27 17:53:53,402 INFO Synching elab9075.elab.tata
2017-01-27 17:53:56,344 INFO Synching elab9085.elab.tata
2017-01-27 17:53:59,121 INFO Successfully completed device synchronization..
2017-01-27 17:55:38,664 INFO Get Service request received from: 10.0.0.230:8080
2017-01-27 17:55:38,665 INFO 
2017-01-27 17:55:48,123 INFO Delete request received from: 10.0.0.230:8080
2017-01-27 17:55:48,123 INFO 
2017-01-27 17:55:48,124 INFO Start synching devices..
2017-01-27 17:55:48,124 INFO Synching elab9075.elab.tata
2017-01-27 17:55:54,378 INFO Synching elab9085.elab.tata
2017-01-27 17:55:58,859 INFO Successfully completed device synchronization..
2017-01-27 17:56:40,489 INFO Delete request received from: 10.0.0.230:8080
2017-01-27 17:56:40,490 INFO 
2017-01-27 17:56:40,490 INFO Start synching devices..
2017-01-27 17:56:40,490 INFO Synching elab9075.elab.tata
2017-01-27 17:56:46,681 INFO Synching elab9085.elab.tata
2017-01-27 17:56:51,080 INFO Successfully completed device synchronization..
2017-01-27 17:57:02,758 INFO Get Service request received from: 10.0.0.230:8080
2017-01-27 17:57:02,758 INFO 
2017-01-27 17:59:15,429 INFO Create request received from: 10.0.0.230:8080
2017-01-27 17:59:15,429 INFO Content length.....493
2017-01-27 17:59:15,429 INFO WSGI input read.......<forwarding_construct>
    <id>EBD4050</id>
    <ovc_end_point>
        <end_point_id>TATA.DCI.P1</end_point_id>
        <ingress_bw_cfg_cir>100</ingress_bw_cfg_cir>
        <end_point_vlan_map_ce_vlan>4050</end_point_vlan_map_ce_vlan>
    </ovc_end_point>
    <ovc_end_point>
        <end_point_id>TATA.DCI.P2</end_point_id>
        <ingress_bw_cfg_cir>100</ingress_bw_cfg_cir>
        <end_point_vlan_map_ce_vlan>4050</end_point_vlan_map_ce_vlan>
    </ovc_end_point>
</forwarding_construct>
2017-01-27 17:59:15,429 INFO Request content type application/xml
2017-01-27 17:59:15,430 INFO Request content length 493
2017-01-27 17:59:15,430 INFO Start synching devices..
2017-01-27 17:59:15,430 INFO Synching elab9075.elab.tata
2017-01-27 17:59:21,613 INFO Synching elab9085.elab.tata
2017-01-27 17:59:25,912 INFO Successfully completed device synchronization..
2017-01-27 18:00:04,351 INFO Create request received from: 10.0.0.230:8080
2017-01-27 18:00:04,351 INFO Content length.....493
2017-01-27 18:00:04,352 INFO WSGI input read.......<forwarding_construct>
    <id>EBD4051</id>
    <ovc_end_point>
        <end_point_id>TATA.DCI.P1</end_point_id>
        <ingress_bw_cfg_cir>100</ingress_bw_cfg_cir>
        <end_point_vlan_map_ce_vlan>4051</end_point_vlan_map_ce_vlan>
    </ovc_end_point>
    <ovc_end_point>
        <end_point_id>TATA.DCI.P2</end_point_id>
        <ingress_bw_cfg_cir>100</ingress_bw_cfg_cir>
        <end_point_vlan_map_ce_vlan>4051</end_point_vlan_map_ce_vlan>
    </ovc_end_point>
</forwarding_construct>
2017-01-27 18:00:04,352 INFO Request content type application/xml
2017-01-27 18:00:04,352 INFO Request content length 493
2017-01-27 18:00:04,352 INFO Start synching devices..
2017-01-27 18:00:04,352 INFO Synching elab9075.elab.tata
2017-01-27 18:00:07,201 INFO Synching elab9085.elab.tata
2017-01-27 18:00:09,853 INFO Successfully completed device synchronization..
2017-01-27 18:03:58,329 INFO Get Service request received from: 10.0.0.230:8080
2017-01-27 18:03:58,330 INFO 
2017-01-27 18:04:04,873 INFO Delete request received from: 10.0.0.230:8080
2017-01-27 18:04:04,874 INFO 
2017-01-27 18:04:04,874 INFO Start synching devices..
2017-01-27 18:04:04,874 INFO Synching elab9075.elab.tata
2017-01-27 18:04:11,178 INFO Synching elab9085.elab.tata
2017-01-27 18:04:15,664 INFO Successfully completed device synchronization..
2017-01-27 18:04:28,186 INFO Delete request received from: 10.0.0.230:8080
2017-01-27 18:04:28,186 INFO 
2017-01-27 18:04:28,186 INFO Start synching devices..
2017-01-27 18:04:28,187 INFO Synching elab9075.elab.tata
2017-01-27 18:04:30,983 INFO Synching elab9085.elab.tata
2017-01-27 18:04:33,646 INFO Successfully completed device synchronization..
2017-01-27 18:04:46,618 INFO Get Service request received from: 10.0.0.230:8080
2017-01-27 18:04:46,618 INFO 
2017-01-27 18:05:26,354 INFO Create request received from: 10.0.0.230:8080
2017-01-27 18:05:26,354 INFO Content length.....493
2017-01-27 18:05:26,354 INFO WSGI input read.......<forwarding_construct>
    <id>EBD4050</id>
    <ovc_end_point>
        <end_point_id>TATA.DCI.P1</end_point_id>
        <ingress_bw_cfg_cir>100</ingress_bw_cfg_cir>
        <end_point_vlan_map_ce_vlan>4050</end_point_vlan_map_ce_vlan>
    </ovc_end_point>
    <ovc_end_point>
        <end_point_id>TATA.DCI.P2</end_point_id>
        <ingress_bw_cfg_cir>100</ingress_bw_cfg_cir>
        <end_point_vlan_map_ce_vlan>4050</end_point_vlan_map_ce_vlan>
    </ovc_end_point>
</forwarding_construct>
2017-01-27 18:05:26,354 INFO Request content type application/xml
2017-01-27 18:05:26,355 INFO Request content length 493
2017-01-27 18:05:26,355 INFO Start synching devices..
2017-01-27 18:05:26,355 INFO Synching elab9075.elab.tata
2017-01-27 18:05:32,529 INFO Synching elab9085.elab.tata
2017-01-27 18:05:36,843 INFO Successfully completed device synchronization..
2017-01-27 18:06:03,193 INFO Create request received from: 10.0.0.230:8080
2017-01-27 18:06:03,194 INFO Content length.....491
2017-01-27 18:06:03,194 INFO WSGI input read.......<forwarding_construct>
    <id>EBD4050</id>
    <ovc_end_point>
        <end_point_id>TATA.DCI.P1</end_point_id>
        <ingress_bw_cfg_cir>10</ingress_bw_cfg_cir>
        <end_point_vlan_map_ce_vlan>4050</end_point_vlan_map_ce_vlan>
    </ovc_end_point>
    <ovc_end_point>
        <end_point_id>TATA.DCI.P2</end_point_id>
        <ingress_bw_cfg_cir>10</ingress_bw_cfg_cir>
        <end_point_vlan_map_ce_vlan>4050</end_point_vlan_map_ce_vlan>
    </ovc_end_point>
</forwarding_construct>
2017-01-27 18:06:03,194 INFO Request content type application/xml
2017-01-27 18:06:03,194 INFO Request content length 491
2017-01-27 18:06:03,194 INFO Start synching devices..
2017-01-27 18:06:03,195 INFO Synching elab9075.elab.tata
2017-01-27 18:06:05,998 INFO Synching elab9085.elab.tata
2017-01-27 18:06:08,652 INFO Successfully completed device synchronization..
2017-01-27 18:06:42,452 INFO Create request received from: 10.0.0.230:8080
2017-01-27 18:06:42,452 INFO Content length.....491
2017-01-27 18:06:42,452 INFO WSGI input read.......<forwarding_construct>
    <id>EBD4051</id>
    <ovc_end_point>
        <end_point_id>TATA.DCI.P1</end_point_id>
        <ingress_bw_cfg_cir>10</ingress_bw_cfg_cir>
        <end_point_vlan_map_ce_vlan>4051</end_point_vlan_map_ce_vlan>
    </ovc_end_point>
    <ovc_end_point>
        <end_point_id>TATA.DCI.P2</end_point_id>
        <ingress_bw_cfg_cir>10</ingress_bw_cfg_cir>
        <end_point_vlan_map_ce_vlan>4051</end_point_vlan_map_ce_vlan>
    </ovc_end_point>
</forwarding_construct>
2017-01-27 18:06:42,452 INFO Request content type application/xml
2017-01-27 18:06:42,452 INFO Request content length 491
2017-01-27 18:06:42,452 INFO Start synching devices..
2017-01-27 18:06:42,453 INFO Synching elab9075.elab.tata
2017-01-27 18:06:45,249 INFO Synching elab9085.elab.tata
2017-01-27 18:06:47,888 INFO Successfully completed device synchronization..
2017-01-27 18:11:47,667 INFO Create request received from: 10.0.0.230:8080
2017-01-27 18:11:47,667 INFO Content length.....493
2017-01-27 18:11:47,667 INFO WSGI input read.......<forwarding_construct>
    <id>EBD4051</id>
    <ovc_end_point>
        <end_point_id>TATA.DCI.P1</end_point_id>
        <ingress_bw_cfg_cir>100</ingress_bw_cfg_cir>
        <end_point_vlan_map_ce_vlan>4051</end_point_vlan_map_ce_vlan>
    </ovc_end_point>
    <ovc_end_point>
        <end_point_id>TATA.DCI.P2</end_point_id>
        <ingress_bw_cfg_cir>100</ingress_bw_cfg_cir>
        <end_point_vlan_map_ce_vlan>4051</end_point_vlan_map_ce_vlan>
    </ovc_end_point>
</forwarding_construct>
2017-01-27 18:11:47,668 INFO Request content type application/xml
2017-01-27 18:11:47,668 INFO Request content length 493
2017-01-27 18:11:47,668 INFO Start synching devices..
2017-01-27 18:11:47,668 INFO Synching elab9075.elab.tata
2017-01-27 18:11:53,951 INFO Synching elab9085.elab.tata
2017-01-27 18:11:58,442 INFO Successfully completed device synchronization..
2017-01-27 18:13:12,001 INFO Create request received from: 10.0.0.230:8080
2017-01-27 18:13:12,001 INFO Content length.....491
2017-01-27 18:13:12,002 INFO WSGI input read.......<forwarding_construct>
    <id>EBD4050</id>
    <ovc_end_point>
        <end_point_id>TATA.DCI.P1</end_point_id>
        <ingress_bw_cfg_cir>10</ingress_bw_cfg_cir>
        <end_point_vlan_map_ce_vlan>4050</end_point_vlan_map_ce_vlan>
    </ovc_end_point>
    <ovc_end_point>
        <end_point_id>TATA.DCI.P2</end_point_id>
        <ingress_bw_cfg_cir>10</ingress_bw_cfg_cir>
        <end_point_vlan_map_ce_vlan>4050</end_point_vlan_map_ce_vlan>
    </ovc_end_point>
</forwarding_construct>
2017-01-27 18:13:12,002 INFO Request content type application/xml
2017-01-27 18:13:12,002 INFO Request content length 491
2017-01-27 18:13:12,003 INFO Start synching devices..
2017-01-27 18:13:12,003 INFO Synching elab9075.elab.tata
2017-01-27 18:13:18,218 INFO Synching elab9085.elab.tata
2017-01-27 18:13:22,707 INFO Successfully completed device synchronization..
2017-01-27 18:13:45,106 INFO Delete request received from: 10.0.0.230:8080
2017-01-27 18:13:45,107 INFO 
2017-01-27 18:13:45,107 INFO Start synching devices..
2017-01-27 18:13:45,108 INFO Synching elab9075.elab.tata
2017-01-27 18:13:48,066 INFO Synching elab9085.elab.tata
2017-01-27 18:13:50,741 INFO Successfully completed device synchronization..
2017-01-27 18:14:03,299 INFO Delete request received from: 10.0.0.230:8080
2017-01-27 18:14:03,299 INFO 
2017-01-27 18:14:03,299 INFO Start synching devices..
2017-01-27 18:14:03,300 INFO Synching elab9075.elab.tata
2017-01-27 18:14:06,121 INFO Synching elab9085.elab.tata
2017-01-27 18:14:08,778 INFO Successfully completed device synchronization..
2017-01-27 18:14:39,553 INFO Create request received from: 10.0.0.230:8080
2017-01-27 18:14:39,553 INFO Content length.....491
2017-01-27 18:14:39,553 INFO WSGI input read.......<forwarding_construct>
    <id>EBD4050</id>
    <ovc_end_point>
        <end_point_id>TATA.DCI.P1</end_point_id>
        <ingress_bw_cfg_cir>10</ingress_bw_cfg_cir>
        <end_point_vlan_map_ce_vlan>4050</end_point_vlan_map_ce_vlan>
    </ovc_end_point>
    <ovc_end_point>
        <end_point_id>TATA.DCI.P2</end_point_id>
        <ingress_bw_cfg_cir>10</ingress_bw_cfg_cir>
        <end_point_vlan_map_ce_vlan>4050</end_point_vlan_map_ce_vlan>
    </ovc_end_point>
</forwarding_construct>
2017-01-27 18:14:39,553 INFO Request content type application/xml
2017-01-27 18:14:39,553 INFO Request content length 491
2017-01-27 18:14:39,553 INFO Start synching devices..
2017-01-27 18:14:39,554 INFO Synching elab9075.elab.tata
2017-01-27 18:14:42,358 INFO Synching elab9085.elab.tata
2017-01-27 18:14:44,992 INFO Successfully completed device synchronization..
2017-01-27 18:15:00,904 INFO Get Service request received from: 10.0.0.230:8080
2017-01-27 18:15:00,904 INFO 
2017-01-27 18:15:14,696 INFO Create request received from: 10.0.0.230:8080
2017-01-27 18:15:14,696 INFO Content length.....493
2017-01-27 18:15:14,696 INFO WSGI input read.......<forwarding_construct>
    <id>EBD4050</id>
    <ovc_end_point>
        <end_point_id>TATA.DCI.P1</end_point_id>
        <ingress_bw_cfg_cir>100</ingress_bw_cfg_cir>
        <end_point_vlan_map_ce_vlan>4050</end_point_vlan_map_ce_vlan>
    </ovc_end_point>
    <ovc_end_point>
        <end_point_id>TATA.DCI.P2</end_point_id>
        <ingress_bw_cfg_cir>100</ingress_bw_cfg_cir>
        <end_point_vlan_map_ce_vlan>4050</end_point_vlan_map_ce_vlan>
    </ovc_end_point>
</forwarding_construct>
2017-01-27 18:15:14,696 INFO Request content type application/xml
2017-01-27 18:15:14,696 INFO Request content length 493
2017-01-27 18:15:14,696 INFO Start synching devices..
2017-01-27 18:15:14,697 INFO Synching elab9075.elab.tata
2017-01-27 18:15:17,553 INFO Synching elab9085.elab.tata
2017-01-27 18:15:20,199 INFO Successfully completed device synchronization..
2017-01-27 18:15:47,567 INFO Delete request received from: 10.0.0.230:8080
2017-01-27 18:15:47,567 INFO 
2017-01-27 18:15:47,567 INFO Start synching devices..
2017-01-27 18:15:47,568 INFO Synching elab9075.elab.tata
2017-01-27 18:15:50,420 INFO Synching elab9085.elab.tata
2017-01-27 18:15:53,156 INFO Successfully completed device synchronization..
2017-01-27 18:16:08,161 INFO Get Service request received from: 10.0.0.230:8080
2017-01-27 18:16:08,161 INFO 
2017-02-03 15:24:59,842 INFO Get Service request received from: 10.0.0.230:8080
2017-02-03 15:24:59,843 INFO 
2017-02-03 15:25:30,531 INFO Get Service request received from: 10.0.0.230:8080
2017-02-03 15:25:30,532 INFO 
